[35m[1mScanning dependencies of target visualization_msgs_generate_messages_eus[0m
[  0%] Built target visualization_msgs_generate_messages_eus
[35m[1mScanning dependencies of target tf_generate_messages_lisp[0m
[  0%] Built target tf_generate_messages_lisp
[35m[1mScanning dependencies of target graph_msgs_generate_messages_nodejs[0m
[  0%] Built target graph_msgs_generate_messages_nodejs
[35m[1mScanning dependencies of target graph_msgs_generate_messages_cpp[0m
[  0%] Built target graph_msgs_generate_messages_cpp
[35m[1mScanning dependencies of target std_srvs_generate_messages_py[0m
[  0%] Built target std_srvs_generate_messages_py
[35m[1mScanning dependencies of target moveit_ros_manipulation_gencfg[0m
[  0%] Built target moveit_ros_manipulation_gencfg
[35m[1mScanning dependencies of target tf2_msgs_generate_messages_nodejs[0m
[  0%] Built target tf2_msgs_generate_messages_nodejs
[35m[1mScanning dependencies of target tf2_msgs_generate_messages_cpp[0m
[  0%] Built target tf2_msgs_generate_messages_cpp
[35m[1mScanning dependencies of target geometry_msgs_generate_messages_py[0m
[  0%] Built target geometry_msgs_generate_messages_py
[35m[1mScanning dependencies of target geometry_msgs_generate_messages_lisp[0m
[  0%] Built target geometry_msgs_generate_messages_lisp
[35m[1mScanning dependencies of target geometry_msgs_generate_messages_eus[0m
[  0%] Built target geometry_msgs_generate_messages_eus
[35m[1mScanning dependencies of target moveit_ros_planning_gencfg[0m
[  0%] Built target moveit_ros_planning_gencfg
[35m[1mScanning dependencies of target roscpp_generate_messages_py[0m
[  0%] Built target roscpp_generate_messages_py
[35m[1mScanning dependencies of target trajectory_msgs_generate_messages_eus[0m
[  0%] Built target trajectory_msgs_generate_messages_eus
[35m[1mScanning dependencies of target rosgraph_msgs_generate_messages_cpp[0m
[  0%] Built target rosgraph_msgs_generate_messages_cpp
[35m[1mScanning dependencies of target tf_generate_messages_py[0m
[  0%] Built target tf_generate_messages_py
[35m[1mScanning dependencies of target dynamic_reconfigure_generate_messages_cpp[0m
[  0%] Built target dynamic_reconfigure_generate_messages_cpp
[35m[1mScanning dependencies of target std_srvs_generate_messages_lisp[0m
[  0%] Built target std_srvs_generate_messages_lisp
[35m[1mScanning dependencies of target _catkin_empty_exported_target[0m
[  0%] Built target _catkin_empty_exported_target
[35m[1mScanning dependencies of target sensor_msgs_generate_messages_eus[0m
[  0%] Built target sensor_msgs_generate_messages_eus
[35m[1mScanning dependencies of target std_msgs_generate_messages_py[0m
[  0%] Built target std_msgs_generate_messages_py
[35m[1mScanning dependencies of target roscpp_generate_messages_nodejs[0m
[  0%] Built target roscpp_generate_messages_nodejs
[35m[1mScanning dependencies of target std_msgs_generate_messages_lisp[0m
[  0%] Built target std_msgs_generate_messages_lisp
[35m[1mScanning dependencies of target rosgraph_msgs_generate_messages_lisp[0m
[  0%] Built target rosgraph_msgs_generate_messages_lisp
[35m[1mScanning dependencies of target actionlib_generate_messages_cpp[0m
[  0%] Built target actionlib_generate_messages_cpp
[35m[1mScanning dependencies of target roscpp_generate_messages_cpp[0m
[  0%] Built target roscpp_generate_messages_cpp
[35m[1mScanning dependencies of target object_recognition_msgs_generate_messages_eus[0m
[  0%] Built target object_recognition_msgs_generate_messages_eus
[35m[1mScanning dependencies of target octomap_msgs_generate_messages_eus[0m
[  0%] Built target octomap_msgs_generate_messages_eus
[35m[1mScanning dependencies of target graph_msgs_generate_messages_eus[0m
[  0%] Built target graph_msgs_generate_messages_eus
[35m[1mScanning dependencies of target std_srvs_generate_messages_cpp[0m
[  0%] Built target std_srvs_generate_messages_cpp
[35m[1mScanning dependencies of target sensor_msgs_generate_messages_lisp[0m
[  0%] Built target sensor_msgs_generate_messages_lisp
[35m[1mScanning dependencies of target std_msgs_generate_messages_cpp[0m
[  0%] Built target std_msgs_generate_messages_cpp
[35m[1mScanning dependencies of target sensor_msgs_generate_messages_nodejs[0m
[  0%] Built target sensor_msgs_generate_messages_nodejs
[35m[1mScanning dependencies of target moveit_msgs_generate_messages_nodejs[0m
[  0%] Built target moveit_msgs_generate_messages_nodejs
[35m[1mScanning dependencies of target visualization_msgs_generate_messages_nodejs[0m
[  0%] Built target visualization_msgs_generate_messages_nodejs
[35m[1mScanning dependencies of target actionlib_msgs_generate_messages_nodejs[0m
[  0%] Built target actionlib_msgs_generate_messages_nodejs
[35m[1mScanning dependencies of target graph_msgs_generate_messages_lisp[0m
[  0%] Built target graph_msgs_generate_messages_lisp
[35m[1mScanning dependencies of target geometry_msgs_generate_messages_nodejs[0m
[  0%] Built target geometry_msgs_generate_messages_nodejs
[35m[1mScanning dependencies of target object_recognition_msgs_generate_messages_lisp[0m
[  0%] Built target object_recognition_msgs_generate_messages_lisp
[35m[1mScanning dependencies of target actionlib_generate_messages_eus[0m
[  0%] Built target actionlib_generate_messages_eus
[35m[1mScanning dependencies of target moveit_msgs_generate_messages_py[0m
[  0%] Built target moveit_msgs_generate_messages_py
[35m[1mScanning dependencies of target geometry_msgs_generate_messages_cpp[0m
[  0%] Built target geometry_msgs_generate_messages_cpp
[35m[1mScanning dependencies of target actionlib_generate_messages_lisp[0m
[  0%] Built target actionlib_generate_messages_lisp
[35m[1mScanning dependencies of target rosgraph_msgs_generate_messages_nodejs[0m
[  0%] Built target rosgraph_msgs_generate_messages_nodejs
[35m[1mScanning dependencies of target visualization_msgs_generate_messages_lisp[0m
[  0%] Built target visualization_msgs_generate_messages_lisp
[35m[1mScanning dependencies of target std_msgs_generate_messages_eus[0m
[  0%] Built target std_msgs_generate_messages_eus
[35m[1mScanning dependencies of target trajectory_msgs_generate_messages_py[0m
[  0%] Built target trajectory_msgs_generate_messages_py
[35m[1mScanning dependencies of target tf_generate_messages_cpp[0m
[  0%] Built target tf_generate_messages_cpp
[35m[1mScanning dependencies of target graph_msgs_generate_messages_py[0m
[  0%] Built target graph_msgs_generate_messages_py
[35m[1mScanning dependencies of target actionlib_generate_messages_nodejs[0m
[  0%] Built target actionlib_generate_messages_nodejs
[35m[1mScanning dependencies of target shape_msgs_generate_messages_cpp[0m
[  0%] Built target shape_msgs_generate_messages_cpp
[35m[1mScanning dependencies of target tf2_msgs_generate_messages_py[0m
[  0%] Built target tf2_msgs_generate_messages_py
[35m[1mScanning dependencies of target actionlib_generate_messages_py[0m
[  0%] Built target actionlib_generate_messages_py
[35m[1mScanning dependencies of target object_recognition_msgs_generate_messages_cpp[0m
[  0%] Built target object_recognition_msgs_generate_messages_cpp
[35m[1mScanning dependencies of target rosgraph_msgs_generate_messages_eus[0m
[  0%] Built target rosgraph_msgs_generate_messages_eus
[35m[1mScanning dependencies of target tf_generate_messages_eus[0m
[  0%] Built target tf_generate_messages_eus
[35m[1mScanning dependencies of target actionlib_msgs_generate_messages_cpp[0m
[  0%] Built target actionlib_msgs_generate_messages_cpp
[35m[1mScanning dependencies of target roscpp_generate_messages_eus[0m
[  0%] Built target roscpp_generate_messages_eus
[35m[1mScanning dependencies of target rosgraph_msgs_generate_messages_py[0m
[  0%] Built target rosgraph_msgs_generate_messages_py
[35m[1mScanning dependencies of target actionlib_msgs_generate_messages_eus[0m
[  0%] Built target actionlib_msgs_generate_messages_eus
[35m[1mScanning dependencies of target octomap_msgs_generate_messages_cpp[0m
[  0%] Built target octomap_msgs_generate_messages_cpp
[35m[1mScanning dependencies of target actionlib_msgs_generate_messages_lisp[0m
[  0%] Built target actionlib_msgs_generate_messages_lisp
[35m[1mScanning dependencies of target actionlib_msgs_generate_messages_py[0m
[  0%] Built target actionlib_msgs_generate_messages_py
[35m[1mScanning dependencies of target std_msgs_generate_messages_nodejs[0m
[  0%] Built target std_msgs_generate_messages_nodejs
[35m[1mScanning dependencies of target moveit_msgs_generate_messages_cpp[0m
[  0%] Built target moveit_msgs_generate_messages_cpp
[35m[1mScanning dependencies of target moveit_msgs_generate_messages_eus[0m
[  0%] Built target moveit_msgs_generate_messages_eus
[35m[1mScanning dependencies of target moveit_msgs_generate_messages_lisp[0m
[  0%] Built target moveit_msgs_generate_messages_lisp
[35m[1mScanning dependencies of target sensor_msgs_generate_messages_cpp[0m
[  0%] Built target sensor_msgs_generate_messages_cpp
[35m[1mScanning dependencies of target sensor_msgs_generate_messages_py[0m
[  0%] Built target sensor_msgs_generate_messages_py
[35m[1mScanning dependencies of target shape_msgs_generate_messages_py[0m
[  0%] Built target shape_msgs_generate_messages_py
[35m[1mScanning dependencies of target trajectory_msgs_generate_messages_cpp[0m
[  0%] Built target trajectory_msgs_generate_messages_cpp
[35m[1mScanning dependencies of target trajectory_msgs_generate_messages_lisp[0m
[  0%] Built target trajectory_msgs_generate_messages_lisp
[35m[1mScanning dependencies of target trajectory_msgs_generate_messages_nodejs[0m
[  0%] Built target trajectory_msgs_generate_messages_nodejs
[35m[1mScanning dependencies of target shape_msgs_generate_messages_eus[0m
[  0%] Built target shape_msgs_generate_messages_eus
[35m[1mScanning dependencies of target shape_msgs_generate_messages_nodejs[0m
[  0%] Built target shape_msgs_generate_messages_nodejs
[35m[1mScanning dependencies of target dynamic_reconfigure_generate_messages_eus[0m
[  0%] Built target dynamic_reconfigure_generate_messages_eus
[35m[1mScanning dependencies of target object_recognition_msgs_generate_messages_nodejs[0m
[  0%] Built target object_recognition_msgs_generate_messages_nodejs
[35m[1mScanning dependencies of target tf2_msgs_generate_messages_eus[0m
[  0%] Built target tf2_msgs_generate_messages_eus
[35m[1mScanning dependencies of target visualization_msgs_generate_messages_cpp[0m
[  0%] Built target visualization_msgs_generate_messages_cpp
[35m[1mScanning dependencies of target std_srvs_generate_messages_eus[0m
[  0%] Built target std_srvs_generate_messages_eus
[35m[1mScanning dependencies of target roscpp_generate_messages_lisp[0m
[  0%] Built target roscpp_generate_messages_lisp
[35m[1mScanning dependencies of target octomap_msgs_generate_messages_lisp[0m
[  0%] Built target octomap_msgs_generate_messages_lisp
[35m[1mScanning dependencies of target std_srvs_generate_messages_nodejs[0m
[  0%] Built target std_srvs_generate_messages_nodejs
[35m[1mScanning dependencies of target object_recognition_msgs_generate_messages_py[0m
[  0%] Built target object_recognition_msgs_generate_messages_py
[35m[1mScanning dependencies of target octomap_msgs_generate_messages_nodejs[0m
[  0%] Built target octomap_msgs_generate_messages_nodejs
[35m[1mScanning dependencies of target tf_generate_messages_nodejs[0m
[  0%] Built target tf_generate_messages_nodejs
[35m[1mScanning dependencies of target octomap_msgs_generate_messages_py[0m
[  0%] Built target octomap_msgs_generate_messages_py
[35m[1mScanning dependencies of target dynamic_reconfigure_generate_messages_lisp[0m
[  0%] Built target dynamic_reconfigure_generate_messages_lisp
[35m[1mScanning dependencies of target dynamic_reconfigure_generate_messages_nodejs[0m
[  0%] Built target dynamic_reconfigure_generate_messages_nodejs
[35m[1mScanning dependencies of target visualization_msgs_generate_messages_py[0m
[  0%] Built target visualization_msgs_generate_messages_py
[35m[1mScanning dependencies of target shape_msgs_generate_messages_lisp[0m
[  0%] Built target shape_msgs_generate_messages_lisp
[35m[1mScanning dependencies of target dynamic_reconfigure_generate_messages_py[0m
[  0%] Built target dynamic_reconfigure_generate_messages_py
[35m[1mScanning dependencies of target tf2_msgs_generate_messages_lisp[0m
[  0%] Built target tf2_msgs_generate_messages_lisp
[35m[1mScanning dependencies of target dynamic_reconfigure_gencfg[0m
[  0%] Built target dynamic_reconfigure_gencfg
[35m[1mScanning dependencies of target my_cartesian_path_node[0m
[ 12%] [32mBuilding CXX object CMakeFiles/my_cartesian_path_node.dir/src/my_cartesian_path_node.cpp.o[0m
[ 25%] [32m[1mLinking CXX executable /home/tapati/my_ws/devel/.private/my_control_pkg/lib/my_control_pkg/my_cartesian_path_node[0m
[ 25%] Built target my_cartesian_path_node
[35m[1mScanning dependencies of target my_control_node[0m
[ 37%] [32mBuilding CXX object CMakeFiles/my_control_node.dir/src/my_control_node.cpp.o[0m
[35m[1mScanning dependencies of target my_control_node_1[0m
[ 50%] [32mBuilding CXX object CMakeFiles/my_control_node_1.dir/src/my_control_node_1.cpp.o[0m
[ 62%] [32m[1mLinking CXX executable /home/tapati/my_ws/devel/.private/my_control_pkg/lib/my_control_pkg/my_control_node[0m
[ 62%] Built target my_control_node
[35m[1mScanning dependencies of target my_pose_goal_node[0m
[ 75%] [32mBuilding CXX object CMakeFiles/my_pose_goal_node.dir/src/my_pose_goal_node.cpp.o[0m
[ 87%] [32m[1mLinking CXX executable /home/tapati/my_ws/devel/.private/my_control_pkg/lib/my_control_pkg/my_control_node_1[0m
[ 87%] Built target my_control_node_1
[100%] [32m[1mLinking CXX executable /home/tapati/my_ws/devel/.private/my_control_pkg/lib/my_control_pkg/my_pose_goal_node[0m
[100%] Built target my_pose_goal_node
