Determining if the pthread_create exist failed with the following output:
Change Dir: /home/tapati/my_ws/build/jointpath_cartesianpath_pkg/CMakeFiles/CMakeTmp

Run Build Command:"/usr/bin/make" "cmTC_8f847/fast"
/usr/bin/make -f CMakeFiles/cmTC_8f847.dir/build.make CMakeFiles/cmTC_8f847.dir/build
make[1]: Entering directory '/home/tapati/my_ws/build/jointpath_cartesianpath_pkg/CMakeFiles/CMakeTmp'
Building C object CMakeFiles/cmTC_8f847.dir/CheckSymbolExists.c.o
/usr/bin/cc    -o CMakeFiles/cmTC_8f847.dir/CheckSymbolExists.c.o   -c /home/tapati/my_ws/build/jointpath_cartesianpath_pkg/CMakeFiles/CMakeTmp/CheckSymbolExists.c
Linking C executable cmTC_8f847
/usr/bin/cmake -E cmake_link_script CMakeFiles/cmTC_8f847.dir/link.txt --verbose=1
/usr/bin/cc      -rdynamic CMakeFiles/cmTC_8f847.dir/CheckSymbolExists.c.o  -o cmTC_8f847 
CMakeFiles/cmTC_8f847.dir/CheckSymbolExists.c.o: In function `main':
CheckSymbolExists.c:(.text+0x1b): undefined reference to `pthread_create'
collect2: error: ld returned 1 exit status
CMakeFiles/cmTC_8f847.dir/build.make:97: recipe for target 'cmTC_8f847' failed
make[1]: *** [cmTC_8f847] Error 1
make[1]: Leaving directory '/home/tapati/my_ws/build/jointpath_cartesianpath_pkg/CMakeFiles/CMakeTmp'
Makefile:126: recipe for target 'cmTC_8f847/fast' failed
make: *** [cmTC_8f847/fast] Error 2

File /home/tapati/my_ws/build/jointpath_cartesianpath_pkg/CMakeFiles/CMakeTmp/CheckSymbolExists.c:
/* */
#include <pthread.h>

int main(int argc, char** argv)
{
  (void)argv;
#ifndef pthread_create
  return ((int*)(&pthread_create))[argc];
#else
  (void)argc;
  return 0;
#endif
}

Determining if the function pthread_create exists in the pthreads failed with the following output:
Change Dir: /home/tapati/my_ws/build/jointpath_cartesianpath_pkg/CMakeFiles/CMakeTmp

Run Build Command:"/usr/bin/make" "cmTC_2aa86/fast"
/usr/bin/make -f CMakeFiles/cmTC_2aa86.dir/build.make CMakeFiles/cmTC_2aa86.dir/build
make[1]: Entering directory '/home/tapati/my_ws/build/jointpath_cartesianpath_pkg/CMakeFiles/CMakeTmp'
Building C object CMakeFiles/cmTC_2aa86.dir/CheckFunctionExists.c.o
/usr/bin/cc   -DCHECK_FUNCTION_EXISTS=pthread_create   -o CMakeFiles/cmTC_2aa86.dir/CheckFunctionExists.c.o   -c /usr/share/cmake-3.10/Modules/CheckFunctionExists.c
Linking C executable cmTC_2aa86
/usr/bin/cmake -E cmake_link_script CMakeFiles/cmTC_2aa86.dir/link.txt --verbose=1
/usr/bin/cc  -DCHECK_FUNCTION_EXISTS=pthread_create    -rdynamic CMakeFiles/cmTC_2aa86.dir/CheckFunctionExists.c.o  -o cmTC_2aa86 -lpthreads 
/usr/bin/ld: cannot find -lpthreads
collect2: error: ld returned 1 exit status
CMakeFiles/cmTC_2aa86.dir/build.make:97: recipe for target 'cmTC_2aa86' failed
make[1]: *** [cmTC_2aa86] Error 1
make[1]: Leaving directory '/home/tapati/my_ws/build/jointpath_cartesianpath_pkg/CMakeFiles/CMakeTmp'
Makefile:126: recipe for target 'cmTC_2aa86/fast' failed
make: *** [cmTC_2aa86/fast] Error 2


