[36m--[0m Using CATKIN_DEVEL_PREFIX: /home/tapati/my_ws/devel/.private/fake_controller_pkg
[36m--[0m Using CMAKE_PREFIX_PATH: /home/tapati/my_ws/devel;/home/tapati/motoman_ws/devel;/home/tapati/catkin_ws/devel;/home/tapati/ws_moveit/devel;/opt/ros/melodic
[36m--[0m This workspace overlays: /home/tapati/my_ws/devel;/home/tapati/motoman_ws/devel;/home/tapati/catkin_ws/devel;/home/tapati/ws_moveit/devel;/opt/ros/melodic
[36m--[0m Found PythonInterp: /usr/bin/python2 (found suitable version "2.7.17", minimum required is "2")
[36m--[0m Using PYTHON_EXECUTABLE: /usr/bin/python2
[36m--[0m Using Debian Python package layout
[36m--[0m Using empy: /usr/bin/empy
[36m--[0m Using CATKIN_ENABLE_TESTING: ON
[36m--[0m Call enable_testing()
[36m--[0m Using CATKIN_TEST_RESULTS_DIR: /home/tapati/my_ws/build/fake_controller_pkg/test_results
[36m--[0m Found gtest sources under '/usr/src/googletest': gtests will be built
[36m--[0m Found gmock sources under '/usr/src/googletest': gmock will be built
[36m--[0m Found PythonInterp: /usr/bin/python2 (found version "2.7.17")
[36m--[0m Using Python nosetests: /usr/bin/nosetests-2.7
[36m--[0m catkin 0.7.23
[36m--[0m BUILD_SHARED_LIBS is on
[36m--[0m Using these message generators: gencpp;geneus;genlisp;gennodejs;genpy
[31m[1mCMake Error[0m at /opt/ros/melodic/share/catkin/cmake/catkin_package.cmake:196 (message):
  catkin_package() the catkin package 'moveit_visual_tools' has been
  find_package()-ed but is not listed as a build dependency in the
  package.xml
[36mCall Stack (most recent call first):[0m
  /opt/ros/melodic/share/catkin/cmake/catkin_package.cmake:102 (_catkin_package)
  CMakeLists.txt:104 (catkin_package)


[36m--[0m Configuring incomplete, errors occurred!
See also "/home/tapati/my_ws/build/fake_controller_pkg/CMakeFiles/CMakeOutput.log".
See also "/home/tapati/my_ws/build/fake_controller_pkg/CMakeFiles/CMakeError.log".
Makefile:618: recipe for target 'cmake_check_build_system' failed
make: *** [cmake_check_build_system] Error 1
