Not searching for unused variables given on the command line.
[36m--[0m Using CATKIN_DEVEL_PREFIX: /home/tapati/my_ws/devel/.private/collision_plan_pkg
[36m--[0m Using CMAKE_PREFIX_PATH: /home/tapati/my_ws/devel;/home/tapati/motoman_ws/devel;/home/tapati/catkin_ws/devel;/home/tapati/ws_moveit/devel;/opt/ros/melodic
[36m--[0m This workspace overlays: /home/tapati/my_ws/devel;/home/tapati/motoman_ws/devel;/home/tapati/catkin_ws/devel;/home/tapati/ws_moveit/devel;/opt/ros/melodic
[36m--[0m Found PythonInterp: /usr/bin/python2 (found suitable version "2.7.17", minimum required is "2")
[36m--[0m Using PYTHON_EXECUTABLE: /usr/bin/python2
[36m--[0m Using Debian Python package layout
[36m--[0m Using empy: /usr/bin/empy
[36m--[0m Using CATKIN_ENABLE_TESTING: ON
[36m--[0m Call enable_testing()
[36m--[0m Using CATKIN_TEST_RESULTS_DIR: /home/tapati/my_ws/build/collision_plan_pkg/test_results
[36m--[0m Found gtest sources under '/usr/src/googletest': gtests will be built
[36m--[0m Found gmock sources under '/usr/src/googletest': gmock will be built
[36m--[0m Found PythonInterp: /usr/bin/python2 (found version "2.7.17")
[36m--[0m Using Python nosetests: /usr/bin/nosetests-2.7
[36m--[0m catkin 0.7.23
[36m--[0m BUILD_SHARED_LIBS is on
[36m--[0m Using these message generators: gencpp;geneus;genlisp;gennodejs;genpy
[31m[1mCMake Error[0m at /home/tapati/my_ws/src/collision_plan_pkg/CMakeLists.txt:146 (add_dependencies):
  Cannot add target-level dependencies to non-existent target
  "collision_plan_node".

  The add_dependencies works for top-level logical targets created by the
  add_executable, add_library, or add_custom_target commands.  If you want to
  add file-level dependencies see the DEPENDS option of the add_custom_target
  and add_custom_command commands.


[31m[1mCMake Error[0m at /home/tapati/my_ws/src/collision_plan_pkg/CMakeLists.txt:149 (target_link_libraries):
  Cannot specify link libraries for target "collision_plan_node" which is not
  built by this project.


[36m--[0m Configuring incomplete, errors occurred!
See also "/home/tapati/my_ws/build/collision_plan_pkg/CMakeFiles/CMakeOutput.log".
See also "/home/tapati/my_ws/build/collision_plan_pkg/CMakeFiles/CMakeError.log".
