[  0%] Built target visualization_msgs_generate_messages_eus
[  0%] Built target object_recognition_msgs_generate_messages_eus
[  0%] Built target roscpp_generate_messages_cpp
[  0%] Built target octomap_msgs_generate_messages_eus
[  0%] Built target std_srvs_generate_messages_cpp
[  0%] Built target graph_msgs_generate_messages_eus
[  0%] Built target sensor_msgs_generate_messages_lisp
[  0%] Built target std_msgs_generate_messages_cpp
[  0%] Built target sensor_msgs_generate_messages_nodejs
[  0%] Built target moveit_msgs_generate_messages_nodejs
[  0%] Built target visualization_msgs_generate_messages_nodejs
[  0%] Built target actionlib_msgs_generate_messages_nodejs
[  0%] Built target graph_msgs_generate_messages_lisp
[  0%] Built target geometry_msgs_generate_messages_nodejs
[  0%] Built target object_recognition_msgs_generate_messages_lisp
[  0%] Built target actionlib_generate_messages_eus
[  0%] Built target moveit_msgs_generate_messages_py
[  0%] Built target geometry_msgs_generate_messages_cpp
[  0%] Built target actionlib_generate_messages_lisp
[  0%] Built target rosgraph_msgs_generate_messages_nodejs
[  0%] Built target visualization_msgs_generate_messages_lisp
[  0%] Built target std_msgs_generate_messages_eus
[  0%] Built target trajectory_msgs_generate_messages_py
[  0%] Built target tf_generate_messages_cpp
[  0%] Built target graph_msgs_generate_messages_py
[  0%] Built target graph_msgs_generate_messages_cpp
[  0%] Built target graph_msgs_generate_messages_nodejs
[  0%] Built target tf_generate_messages_lisp
[  0%] Built target std_srvs_generate_messages_py
[  0%] Built target tf2_msgs_generate_messages_cpp
[  0%] Built target tf2_msgs_generate_messages_nodejs
[  0%] Built target moveit_ros_manipulation_gencfg
[  0%] Built target geometry_msgs_generate_messages_eus
[  0%] Built target geometry_msgs_generate_messages_py
[  0%] Built target geometry_msgs_generate_messages_lisp
[  0%] Built target moveit_ros_planning_gencfg
[  0%] Built target roscpp_generate_messages_py
[  0%] Built target rosgraph_msgs_generate_messages_cpp
[  0%] Built target trajectory_msgs_generate_messages_eus
[  0%] Built target tf_generate_messages_py
[  0%] Built target std_srvs_generate_messages_lisp
[  0%] Built target dynamic_reconfigure_generate_messages_cpp
[  0%] Built target _catkin_empty_exported_target
[  0%] Built target sensor_msgs_generate_messages_eus
[  0%] Built target std_msgs_generate_messages_py
[  0%] Built target roscpp_generate_messages_nodejs
[  0%] Built target std_msgs_generate_messages_lisp
[  0%] Built target rosgraph_msgs_generate_messages_lisp
[  0%] Built target actionlib_generate_messages_cpp
[  0%] Built target actionlib_generate_messages_nodejs
[  0%] Built target shape_msgs_generate_messages_cpp
[  0%] Built target tf2_msgs_generate_messages_py
[  0%] Built target actionlib_generate_messages_py
[  0%] Built target rosgraph_msgs_generate_messages_eus
[  0%] Built target object_recognition_msgs_generate_messages_cpp
[  0%] Built target tf_generate_messages_eus
[  0%] Built target roscpp_generate_messages_eus
[  0%] Built target actionlib_msgs_generate_messages_cpp
[  0%] Built target actionlib_msgs_generate_messages_eus
[  0%] Built target rosgraph_msgs_generate_messages_py
[  0%] Built target octomap_msgs_generate_messages_cpp
[  0%] Built target actionlib_msgs_generate_messages_py
[  0%] Built target actionlib_msgs_generate_messages_lisp
[  0%] Built target std_msgs_generate_messages_nodejs
[  0%] Built target moveit_msgs_generate_messages_cpp
[  0%] Built target moveit_msgs_generate_messages_eus
[  0%] Built target moveit_msgs_generate_messages_lisp
[  0%] Built target sensor_msgs_generate_messages_cpp
[  0%] Built target shape_msgs_generate_messages_py
[  0%] Built target sensor_msgs_generate_messages_py
[  0%] Built target trajectory_msgs_generate_messages_cpp
[  0%] Built target trajectory_msgs_generate_messages_lisp
[  0%] Built target trajectory_msgs_generate_messages_nodejs
[  0%] Built target shape_msgs_generate_messages_eus
[  0%] Built target dynamic_reconfigure_generate_messages_eus
[  0%] Built target shape_msgs_generate_messages_nodejs
[  0%] Built target object_recognition_msgs_generate_messages_nodejs
[  0%] Built target tf2_msgs_generate_messages_eus
[  0%] Built target visualization_msgs_generate_messages_cpp
[  0%] Built target std_srvs_generate_messages_eus
[  0%] Built target roscpp_generate_messages_lisp
[  0%] Built target octomap_msgs_generate_messages_lisp
[  0%] Built target std_srvs_generate_messages_nodejs
[  0%] Built target object_recognition_msgs_generate_messages_py
[  0%] Built target tf_generate_messages_nodejs
[  0%] Built target octomap_msgs_generate_messages_nodejs
[  0%] Built target octomap_msgs_generate_messages_py
[  0%] Built target dynamic_reconfigure_generate_messages_lisp
[  0%] Built target visualization_msgs_generate_messages_py
[  0%] Built target dynamic_reconfigure_generate_messages_nodejs
[  0%] Built target shape_msgs_generate_messages_lisp
[  0%] Built target dynamic_reconfigure_generate_messages_py
[  0%] Built target dynamic_reconfigure_gencfg
[  0%] Built target tf2_msgs_generate_messages_lisp
[35m[1mScanning dependencies of target collision_plan_node[0m
[ 50%] [32mBuilding CXX object CMakeFiles/collision_plan_node.dir/src/collision_plan_node.cpp.o[0m
[01m[K/home/tapati/my_ws/src/collision_plan_pkg/src/collision_plan_node.cpp:[m[K In function ‘[01m[Kint main(int, char**)[m[K’:
[01m[K/home/tapati/my_ws/src/collision_plan_pkg/src/collision_plan_node.cpp:186:46:[m[K [01;31m[Kerror: [m[Kno matching function for call to ‘[01m[Kplanning_scene::PlanningScene::getCurrentStateUpdated()[m[K’
   motomini_scene_ptr->getCurrentStateUpdated([01;31m[K)[m[K;
                                              [01;31m[K^[m[K
In file included from [01m[K/home/tapati/ws_moveit/src/moveit/moveit_ros/planning/planning_scene_monitor/include/moveit/planning_scene_monitor/planning_scene_monitor.h:43:0[m[K,
                 from [01m[K/home/tapati/ws_moveit/src/moveit_visual_tools/include/moveit_visual_tools/moveit_visual_tools.h:47[m[K,
                 from [01m[K/home/tapati/my_ws/src/collision_plan_pkg/src/collision_plan_node.cpp:3[m[K:
[01m[K/home/tapati/ws_moveit/src/moveit/moveit_core/planning_scene/include/moveit/planning_scene/planning_scene.h:157:31:[m[K [01;36m[Knote: [m[Kcandidate: moveit::core::RobotStatePtr planning_scene::PlanningScene::getCurrentStateUpdated(const RobotState&) const
   moveit::core::RobotStatePtr [01;36m[KgetCurrentStateUpdated[m[K(const moveit_msgs::RobotState& update) const;
                               [01;36m[K^~~~~~~~~~~~~~~~~~~~~~[m[K
[01m[K/home/tapati/ws_moveit/src/moveit/moveit_core/planning_scene/include/moveit/planning_scene/planning_scene.h:157:31:[m[K [01;36m[Knote: [m[K  candidate expects 1 argument, 0 provided
CMakeFiles/collision_plan_node.dir/build.make:62: recipe for target 'CMakeFiles/collision_plan_node.dir/src/collision_plan_node.cpp.o' failed
make[2]: *** [CMakeFiles/collision_plan_node.dir/src/collision_plan_node.cpp.o] Error 1
CMakeFiles/Makefile2:544: recipe for target 'CMakeFiles/collision_plan_node.dir/all' failed
make[1]: *** [CMakeFiles/collision_plan_node.dir/all] Error 2
Makefile:140: recipe for target 'all' failed
make: *** [all] Error 2
