[01m[K/home/tapati/my_ws/src/pose_goal_pkg/src/pose_goal_node.cpp:[m[K In function ‘[01m[Kint main(int, char**)[m[K’:
[01m[K/home/tapati/my_ws/src/pose_goal_pkg/src/pose_goal_node.cpp:53:43:[m[K [01;35m[Kwarning: [m[K‘[01m[Kvoid tf2::Quaternion::setEulerZYX(const tf2Scalar&, const tf2Scalar&, const tf2Scalar&)[m[K’ is deprecated [[01;35m[K-Wdeprecated-declarations[m[K]
     qtn.setEulerZYX(3.14/5,3.14/6,-3.14/12[01;35m[K)[m[K;
                                           [01;35m[K^[m[K
In file included from [01m[K/opt/ros/melodic/include/tf2/transform_storage.h:36:0[m[K,
                 from [01m[K/opt/ros/melodic/include/tf2/buffer_core.h:35[m[K,
                 from [01m[K/opt/ros/melodic/include/tf2_ros/buffer_interface.h:35[m[K,
                 from [01m[K/opt/ros/melodic/include/tf2_ros/buffer.h:35[m[K,
                 from [01m[K/home/tapati/ws_moveit/src/moveit/moveit_ros/planning/planning_scene_monitor/include/moveit/planning_scene_monitor/planning_scene_monitor.h:41[m[K,
                 from [01m[K/home/tapati/ws_moveit/src/moveit_visual_tools/include/moveit_visual_tools/moveit_visual_tools.h:47[m[K,
                 from [01m[K/home/tapati/my_ws/src/pose_goal_pkg/src/pose_goal_node.cpp:6[m[K:
[01m[K/opt/ros/melodic/include/tf2/LinearMath/Quaternion.h:113:8:[m[K [01;36m[Knote: [m[Kdeclared here
   void [01;36m[KsetEulerZYX[m[K(const tf2Scalar& yaw, const tf2Scalar& pitch, const tf2Scalar& roll) __attribute__((deprecated))
        [01;36m[K^~~~~~~~~~~[m[K
In file included from [01m[K/opt/ros/melodic/include/tf2/convert.h:39:0[m[K,
                 from [01m[K/opt/ros/melodic/include/tf2_ros/buffer_interface.h:40[m[K,
                 from [01m[K/opt/ros/melodic/include/tf2_ros/buffer.h:35[m[K,
                 from [01m[K/home/tapati/ws_moveit/src/moveit/moveit_ros/planning/planning_scene_monitor/include/moveit/planning_scene_monitor/planning_scene_monitor.h:41[m[K,
                 from [01m[K/home/tapati/ws_moveit/src/moveit_visual_tools/include/moveit_visual_tools/moveit_visual_tools.h:47[m[K,
                 from [01m[K/home/tapati/my_ws/src/pose_goal_pkg/src/pose_goal_node.cpp:6[m[K:
/opt/ros/melodic/include/tf2/impl/convert.h: In instantiation of ‘[01m[Kstatic void tf2::impl::Converter<IS_MESSAGE_A, IS_MESSAGE_B>::convert(const A&, B&) [with A = tf2::Quaternion; B = geometry_msgs::Quaternion_<std::allocator<void> >; bool IS_MESSAGE_A = false; bool IS_MESSAGE_B = true][m[K’:
[01m[K/opt/ros/melodic/include/tf2/convert.h:116:113:[m[K   required from ‘[01m[Kvoid tf2::convert(const A&, B&) [with A = tf2::Quaternion; B = geometry_msgs::Quaternion_<std::allocator<void> >][m[K’
[01m[K/home/tapati/my_ws/src/pose_goal_pkg/src/pose_goal_node.cpp:55:29:[m[K   required from here
[01m[K/opt/ros/melodic/include/tf2/impl/convert.h:65:12:[m[K [01;31m[Kerror: [m[Kno matching function for call to ‘[01m[KtoMsg(const tf2::Quaternion&)[m[K’
   b = [01;31m[KtoMsg(a)[m[K;
       [01;31m[K~~~~~^~~[m[K
In file included from [01m[K/opt/ros/melodic/include/tf2_ros/buffer_interface.h:40:0[m[K,
                 from [01m[K/opt/ros/melodic/include/tf2_ros/buffer.h:35[m[K,
                 from [01m[K/home/tapati/ws_moveit/src/moveit/moveit_ros/planning/planning_scene_monitor/include/moveit/planning_scene_monitor/planning_scene_monitor.h:41[m[K,
                 from [01m[K/home/tapati/ws_moveit/src/moveit_visual_tools/include/moveit_visual_tools/moveit_visual_tools.h:47[m[K,
                 from [01m[K/home/tapati/my_ws/src/pose_goal_pkg/src/pose_goal_node.cpp:6[m[K:
[01m[K/opt/ros/melodic/include/tf2/convert.h:94:5:[m[K [01;36m[Knote: [m[Kcandidate: template<class A, class B> B tf2::toMsg(const A&)
   B [01;36m[KtoMsg[m[K(const A& a);
     [01;36m[K^~~~~[m[K
[01m[K/opt/ros/melodic/include/tf2/convert.h:94:5:[m[K [01;36m[Knote: [m[K  template argument deduction/substitution failed:
In file included from [01m[K/opt/ros/melodic/include/tf2/convert.h:39:0[m[K,
                 from [01m[K/opt/ros/melodic/include/tf2_ros/buffer_interface.h:40[m[K,
                 from [01m[K/opt/ros/melodic/include/tf2_ros/buffer.h:35[m[K,
                 from [01m[K/home/tapati/ws_moveit/src/moveit/moveit_ros/planning/planning_scene_monitor/include/moveit/planning_scene_monitor/planning_scene_monitor.h:41[m[K,
                 from [01m[K/home/tapati/ws_moveit/src/moveit_visual_tools/include/moveit_visual_tools/moveit_visual_tools.h:47[m[K,
                 from [01m[K/home/tapati/my_ws/src/pose_goal_pkg/src/pose_goal_node.cpp:6[m[K:
[01m[K/opt/ros/melodic/include/tf2/impl/convert.h:65:12:[m[K [01;36m[Knote: [m[K  couldn't deduce template parameter ‘[01m[KB[m[K’
   b = [01;36m[KtoMsg(a)[m[K;
       [01;36m[K~~~~~^~~[m[K
make[2]: *** [CMakeFiles/pose_goal_node.dir/src/pose_goal_node.cpp.o] Error 1
make[1]: *** [CMakeFiles/pose_goal_node.dir/all] Error 2
make: *** [all] Error 2
