[  0%] Built target actionlib_generate_messages_nodejs
[  0%] Built target geometry_msgs_generate_messages_cpp
[  0%] Built target tf2_msgs_generate_messages_cpp
[  0%] Built target shape_msgs_generate_messages_cpp
[  0%] Built target actionlib_generate_messages_eus
[  0%] Built target actionlib_generate_messages_lisp
[  0%] Built target moveit_msgs_generate_messages_py
[  0%] Built target graph_msgs_generate_messages_eus
[  0%] Built target std_msgs_generate_messages_cpp
[  0%] Built target sensor_msgs_generate_messages_lisp
[  0%] Built target std_srvs_generate_messages_cpp
[  0%] Built target visualization_msgs_generate_messages_nodejs
[  0%] Built target actionlib_msgs_generate_messages_nodejs
[  0%] Built target roscpp_generate_messages_cpp
[  0%] Built target actionlib_generate_messages_cpp
[  0%] Built target moveit_msgs_generate_messages_nodejs
[  0%] Built target tf_generate_messages_lisp
[  0%] Built target sensor_msgs_generate_messages_nodejs
[  0%] Built target graph_msgs_generate_messages_nodejs
[  0%] Built target graph_msgs_generate_messages_cpp
[  0%] Built target std_srvs_generate_messages_py
[  0%] Built target moveit_ros_manipulation_gencfg
[  0%] Built target std_srvs_generate_messages_lisp
[  0%] Built target tf2_msgs_generate_messages_nodejs
[  0%] Built target geometry_msgs_generate_messages_py
[  0%] Built target actionlib_msgs_generate_messages_py
[  0%] Built target geometry_msgs_generate_messages_lisp
[  0%] Built target actionlib_msgs_generate_messages_lisp
[  0%] Built target octomap_msgs_generate_messages_cpp
[  0%] Built target actionlib_generate_messages_py
[  0%] Built target tf2_msgs_generate_messages_py
[  0%] Built target tf_generate_messages_cpp
[  0%] Built target object_recognition_msgs_generate_messages_eus
[  0%] Built target graph_msgs_generate_messages_py
[  0%] Built target octomap_msgs_generate_messages_eus
[  0%] Built target std_msgs_generate_messages_nodejs
[  0%] Built target moveit_msgs_generate_messages_cpp
[  0%] Built target std_msgs_generate_messages_lisp
[  0%] Built target roscpp_generate_messages_nodejs
[  0%] Built target geometry_msgs_generate_messages_eus
[  0%] Built target moveit_ros_planning_gencfg
[  0%] Built target std_msgs_generate_messages_py
[  0%] Built target roscpp_generate_messages_py
[  0%] Built target trajectory_msgs_generate_messages_eus
[  0%] Built target dynamic_reconfigure_generate_messages_cpp
[  0%] Built target tf_generate_messages_py
[  0%] Built target rosgraph_msgs_generate_messages_cpp
[  0%] Built target tf_generate_messages_eus
[  0%] Built target object_recognition_msgs_generate_messages_cpp
[  0%] Built target actionlib_msgs_generate_messages_cpp
[  0%] Built target rosgraph_msgs_generate_messages_eus
[  0%] Built target rosgraph_msgs_generate_messages_lisp
[  0%] Built target visualization_msgs_generate_messages_lisp
[  0%] Built target std_msgs_generate_messages_eus
[  0%] Built target trajectory_msgs_generate_messages_py
[  0%] Built target actionlib_msgs_generate_messages_eus
[  0%] Built target roscpp_generate_messages_eus
[  0%] Built target rosgraph_msgs_generate_messages_py
[  0%] Built target rosgraph_msgs_generate_messages_nodejs
[  0%] Built target moveit_msgs_generate_messages_eus
[  0%] Built target moveit_msgs_generate_messages_lisp
[  0%] Built target sensor_msgs_generate_messages_cpp
[  0%] Built target sensor_msgs_generate_messages_eus
[  0%] Built target graph_msgs_generate_messages_lisp
[  0%] Built target geometry_msgs_generate_messages_nodejs
[  0%] Built target object_recognition_msgs_generate_messages_lisp
[  0%] Built target sensor_msgs_generate_messages_py
[  0%] Built target shape_msgs_generate_messages_py
[  0%] Built target trajectory_msgs_generate_messages_cpp
[  0%] Built target trajectory_msgs_generate_messages_lisp
[  0%] Built target trajectory_msgs_generate_messages_nodejs
[  0%] Built target shape_msgs_generate_messages_eus
[  0%] Built target shape_msgs_generate_messages_nodejs
[  0%] Built target dynamic_reconfigure_generate_messages_eus
[  0%] Built target object_recognition_msgs_generate_messages_nodejs
[  0%] Built target tf2_msgs_generate_messages_eus
[  0%] Built target visualization_msgs_generate_messages_cpp
[  0%] Built target roscpp_generate_messages_lisp
[  0%] Built target octomap_msgs_generate_messages_lisp
[  0%] Built target std_srvs_generate_messages_eus
[  0%] Built target std_srvs_generate_messages_nodejs
[  0%] Built target object_recognition_msgs_generate_messages_py
[  0%] Built target octomap_msgs_generate_messages_nodejs
[  0%] Built target tf_generate_messages_nodejs
[  0%] Built target octomap_msgs_generate_messages_py
[  0%] Built target dynamic_reconfigure_generate_messages_lisp
[  0%] Built target visualization_msgs_generate_messages_py
[  0%] Built target dynamic_reconfigure_generate_messages_nodejs
[  0%] Built target dynamic_reconfigure_generate_messages_py
[  0%] Built target dynamic_reconfigure_gencfg
[  0%] Built target shape_msgs_generate_messages_lisp
[  0%] Built target tf2_msgs_generate_messages_lisp
[  0%] Built target visualization_msgs_generate_messages_eus
[35m[1mScanning dependencies of target pose_goal_node[0m
[ 50%] [32mBuilding CXX object CMakeFiles/pose_goal_node.dir/src/pose_goal_node.cpp.o[0m
[01m[K/home/tapati/my_ws/src/pose_goal_pkg/src/pose_goal_node.cpp:[m[K In function ‘[01m[Kint main(int, char**)[m[K’:
[01m[K/home/tapati/my_ws/src/pose_goal_pkg/src/pose_goal_node.cpp:178:42:[m[K [01;31m[Kerror: [m[Kredeclaration of ‘[01m[Kplanning_interface::PlanningContextPtr context_ptr[m[K’
   planning_interface::PlanningContextPtr [01;31m[Kcontext_ptr[m[K = planner_instance->getPlanningContext(motomini_scene_ptr,req,res.error_code_);
                                          [01;31m[K^~~~~~~~~~~[m[K
[01m[K/home/tapati/my_ws/src/pose_goal_pkg/src/pose_goal_node.cpp:120:42:[m[K [01;36m[Knote: [m[K‘[01m[Kplanning_interface::PlanningContextPtr context_ptr[m[K’ previously declared here
   planning_interface::PlanningContextPtr [01;36m[Kcontext_ptr[m[K = planner_instance->getPlanningContext(motomini_scene_ptr,req,res.error_code_);
                                          [01;36m[K^~~~~~~~~~~[m[K
CMakeFiles/pose_goal_node.dir/build.make:62: recipe for target 'CMakeFiles/pose_goal_node.dir/src/pose_goal_node.cpp.o' failed
make[2]: *** [CMakeFiles/pose_goal_node.dir/src/pose_goal_node.cpp.o] Error 1
CMakeFiles/Makefile2:3167: recipe for target 'CMakeFiles/pose_goal_node.dir/all' failed
make[1]: *** [CMakeFiles/pose_goal_node.dir/all] Error 2
Makefile:140: recipe for target 'all' failed
make: *** [all] Error 2
