[01m[K/home/tapati/my_ws/src/pose_goal_pkg/src/pose_goal_node.cpp:[m[K In function ‘[01m[Kint main(int, char**)[m[K’:
[01m[K/home/tapati/my_ws/src/pose_goal_pkg/src/pose_goal_node.cpp:159:75:[m[K [01;31m[Kerror: [m[Kno matching function for call to ‘[01m[KconstructGoalConstraints(const string&)[m[K’
   pose_goal = kinematic_constraints::constructGoalConstraints(END_EFFECTOR[01;31m[K)[m[K,pose_stamped);
                                                                           [01;31m[K^[m[K
In file included from [01m[K/home/tapati/my_ws/src/pose_goal_pkg/src/pose_goal_node.cpp:8:0[m[K:
[01m[K/home/tapati/ws_moveit/src/moveit/moveit_core/kinematic_constraints/include/moveit/kinematic_constraints/utils.h:86:26:[m[K [01;36m[Knote: [m[Kcandidate: moveit_msgs::Constraints kinematic_constraints::constructGoalConstraints(const moveit::core::RobotState&, const moveit::core::JointModelGroup*, double, double)
 moveit_msgs::Constraints [01;36m[KconstructGoalConstraints[m[K(const moveit::core::RobotState& state,
                          [01;36m[K^~~~~~~~~~~~~~~~~~~~~~~~[m[K
[01m[K/home/tapati/ws_moveit/src/moveit/moveit_core/kinematic_constraints/include/moveit/kinematic_constraints/utils.h:86:26:[m[K [01;36m[Knote: [m[K  candidate expects 4 arguments, 1 provided
[01m[K/home/tapati/ws_moveit/src/moveit/moveit_core/kinematic_constraints/include/moveit/kinematic_constraints/utils.h:101:26:[m[K [01;36m[Knote: [m[Kcandidate: moveit_msgs::Constraints kinematic_constraints::constructGoalConstraints(const moveit::core::RobotState&, const moveit::core::JointModelGroup*, double)
 moveit_msgs::Constraints [01;36m[KconstructGoalConstraints[m[K(const moveit::core::RobotState& state,
                          [01;36m[K^~~~~~~~~~~~~~~~~~~~~~~~[m[K
[01m[K/home/tapati/ws_moveit/src/moveit/moveit_core/kinematic_constraints/include/moveit/kinematic_constraints/utils.h:101:26:[m[K [01;36m[Knote: [m[K  candidate expects 3 arguments, 1 provided
[01m[K/home/tapati/ws_moveit/src/moveit/moveit_core/kinematic_constraints/include/moveit/kinematic_constraints/utils.h:120:26:[m[K [01;36m[Knote: [m[Kcandidate: moveit_msgs::Constraints kinematic_constraints::constructGoalConstraints(const string&, const PoseStamped&, double, double)
 moveit_msgs::Constraints [01;36m[KconstructGoalConstraints[m[K(const std::string& link_name, const geometry_msgs::PoseStamped& pose,
                          [01;36m[K^~~~~~~~~~~~~~~~~~~~~~~~[m[K
[01m[K/home/tapati/ws_moveit/src/moveit/moveit_core/kinematic_constraints/include/moveit/kinematic_constraints/utils.h:120:26:[m[K [01;36m[Knote: [m[K  candidate expects 4 arguments, 1 provided
[01m[K/home/tapati/ws_moveit/src/moveit/moveit_core/kinematic_constraints/include/moveit/kinematic_constraints/utils.h:138:26:[m[K [01;36m[Knote: [m[Kcandidate: moveit_msgs::Constraints kinematic_constraints::constructGoalConstraints(const string&, const PoseStamped&, const std::vector<double>&, const std::vector<double>&)
 moveit_msgs::Constraints [01;36m[KconstructGoalConstraints[m[K(const std::string& link_name, const geometry_msgs::PoseStamped& pose,
                          [01;36m[K^~~~~~~~~~~~~~~~~~~~~~~~[m[K
[01m[K/home/tapati/ws_moveit/src/moveit/moveit_core/kinematic_constraints/include/moveit/kinematic_constraints/utils.h:138:26:[m[K [01;36m[Knote: [m[K  candidate expects 4 arguments, 1 provided
[01m[K/home/tapati/ws_moveit/src/moveit/moveit_core/kinematic_constraints/include/moveit/kinematic_constraints/utils.h:153:26:[m[K [01;36m[Knote: [m[Kcandidate: moveit_msgs::Constraints kinematic_constraints::constructGoalConstraints(const string&, const QuaternionStamped&, double)
 moveit_msgs::Constraints [01;36m[KconstructGoalConstraints[m[K(const std::string& link_name,
                          [01;36m[K^~~~~~~~~~~~~~~~~~~~~~~~[m[K
[01m[K/home/tapati/ws_moveit/src/moveit/moveit_core/kinematic_constraints/include/moveit/kinematic_constraints/utils.h:153:26:[m[K [01;36m[Knote: [m[K  candidate expects 3 arguments, 1 provided
[01m[K/home/tapati/ws_moveit/src/moveit/moveit_core/kinematic_constraints/include/moveit/kinematic_constraints/utils.h:170:26:[m[K [01;36m[Knote: [m[Kcandidate: moveit_msgs::Constraints kinematic_constraints::constructGoalConstraints(const string&, const Point&, const PointStamped&, double)
 moveit_msgs::Constraints [01;36m[KconstructGoalConstraints[m[K(const std::string& link_name,
                          [01;36m[K^~~~~~~~~~~~~~~~~~~~~~~~[m[K
[01m[K/home/tapati/ws_moveit/src/moveit/moveit_core/kinematic_constraints/include/moveit/kinematic_constraints/utils.h:170:26:[m[K [01;36m[Knote: [m[K  candidate expects 4 arguments, 1 provided
[01m[K/home/tapati/ws_moveit/src/moveit/moveit_core/kinematic_constraints/include/moveit/kinematic_constraints/utils.h:187:26:[m[K [01;36m[Knote: [m[Kcandidate: moveit_msgs::Constraints kinematic_constraints::constructGoalConstraints(const string&, const PointStamped&, double)
 moveit_msgs::Constraints [01;36m[KconstructGoalConstraints[m[K(const std::string& link_name,
                          [01;36m[K^~~~~~~~~~~~~~~~~~~~~~~~[m[K
[01m[K/home/tapati/ws_moveit/src/moveit/moveit_core/kinematic_constraints/include/moveit/kinematic_constraints/utils.h:187:26:[m[K [01;36m[Knote: [m[K  candidate expects 3 arguments, 1 provided
make[2]: *** [CMakeFiles/pose_goal_node.dir/src/pose_goal_node.cpp.o] Error 1
make[1]: *** [CMakeFiles/pose_goal_node.dir/all] Error 2
make: *** [all] Error 2
