[  0%] Built target tf2_msgs_generate_messages_cpp
[  0%] Built target shape_msgs_generate_messages_cpp
[  0%] Built target geometry_msgs_generate_messages_cpp
[  0%] Built target actionlib_generate_messages_nodejs
[  0%] Built target actionlib_generate_messages_eus
[  0%] Built target moveit_msgs_generate_messages_py
[  0%] Built target actionlib_generate_messages_lisp
[  0%] Built target graph_msgs_generate_messages_eus
[  0%] Built target std_srvs_generate_messages_cpp
[  0%] Built target sensor_msgs_generate_messages_lisp
[  0%] Built target std_msgs_generate_messages_cpp
[  0%] Built target visualization_msgs_generate_messages_nodejs
[  0%] Built target roscpp_generate_messages_cpp
[  0%] Built target actionlib_msgs_generate_messages_nodejs
[  0%] Built target actionlib_generate_messages_cpp
[  0%] Built target moveit_msgs_generate_messages_nodejs
[  0%] Built target sensor_msgs_generate_messages_nodejs
[  0%] Built target tf_generate_messages_lisp
[  0%] Built target graph_msgs_generate_messages_nodejs
[  0%] Built target graph_msgs_generate_messages_cpp
[  0%] Built target std_srvs_generate_messages_py
[  0%] Built target std_srvs_generate_messages_lisp
[  0%] Built target moveit_ros_manipulation_gencfg
[  0%] Built target tf2_msgs_generate_messages_nodejs
[  0%] Built target geometry_msgs_generate_messages_py
[  0%] Built target geometry_msgs_generate_messages_lisp
[  0%] Built target actionlib_msgs_generate_messages_py
[  0%] Built target octomap_msgs_generate_messages_cpp
[  0%] Built target actionlib_msgs_generate_messages_lisp
[  0%] Built target tf2_msgs_generate_messages_py
[  0%] Built target actionlib_generate_messages_py
[  0%] Built target tf_generate_messages_cpp
[  0%] Built target graph_msgs_generate_messages_py
[  0%] Built target object_recognition_msgs_generate_messages_eus
[  0%] Built target octomap_msgs_generate_messages_eus
[  0%] Built target std_msgs_generate_messages_nodejs
[  0%] Built target moveit_msgs_generate_messages_cpp
[  0%] Built target std_msgs_generate_messages_lisp
[  0%] Built target geometry_msgs_generate_messages_eus
[  0%] Built target roscpp_generate_messages_nodejs
[  0%] Built target moveit_ros_planning_gencfg
[  0%] Built target std_msgs_generate_messages_py
[  0%] Built target roscpp_generate_messages_py
[  0%] Built target trajectory_msgs_generate_messages_eus
[  0%] Built target rosgraph_msgs_generate_messages_cpp
[  0%] Built target tf_generate_messages_py
[  0%] Built target dynamic_reconfigure_generate_messages_cpp
[  0%] Built target tf_generate_messages_eus
[  0%] Built target object_recognition_msgs_generate_messages_cpp
[  0%] Built target actionlib_msgs_generate_messages_cpp
[  0%] Built target rosgraph_msgs_generate_messages_eus
[  0%] Built target rosgraph_msgs_generate_messages_lisp
[  0%] Built target visualization_msgs_generate_messages_lisp
[  0%] Built target std_msgs_generate_messages_eus
[  0%] Built target trajectory_msgs_generate_messages_py
[  0%] Built target actionlib_msgs_generate_messages_eus
[  0%] Built target roscpp_generate_messages_eus
[  0%] Built target rosgraph_msgs_generate_messages_py
[  0%] Built target rosgraph_msgs_generate_messages_nodejs
[  0%] Built target moveit_msgs_generate_messages_eus
[  0%] Built target moveit_msgs_generate_messages_lisp
[  0%] Built target sensor_msgs_generate_messages_cpp
[  0%] Built target sensor_msgs_generate_messages_eus
[  0%] Built target graph_msgs_generate_messages_lisp
[  0%] Built target geometry_msgs_generate_messages_nodejs
[  0%] Built target object_recognition_msgs_generate_messages_lisp
[  0%] Built target sensor_msgs_generate_messages_py
[  0%] Built target shape_msgs_generate_messages_py
[  0%] Built target trajectory_msgs_generate_messages_cpp
[  0%] Built target trajectory_msgs_generate_messages_lisp
[  0%] Built target trajectory_msgs_generate_messages_nodejs
[  0%] Built target shape_msgs_generate_messages_eus
[  0%] Built target shape_msgs_generate_messages_nodejs
[  0%] Built target dynamic_reconfigure_generate_messages_eus
[  0%] Built target object_recognition_msgs_generate_messages_nodejs
[  0%] Built target tf2_msgs_generate_messages_eus
[  0%] Built target std_srvs_generate_messages_eus
[  0%] Built target visualization_msgs_generate_messages_cpp
[  0%] Built target roscpp_generate_messages_lisp
[  0%] Built target octomap_msgs_generate_messages_lisp
[  0%] Built target object_recognition_msgs_generate_messages_py
[  0%] Built target std_srvs_generate_messages_nodejs
[  0%] Built target octomap_msgs_generate_messages_nodejs
[  0%] Built target tf_generate_messages_nodejs
[  0%] Built target octomap_msgs_generate_messages_py
[  0%] Built target dynamic_reconfigure_generate_messages_lisp
[  0%] Built target dynamic_reconfigure_generate_messages_nodejs
[  0%] Built target visualization_msgs_generate_messages_py
[  0%] Built target shape_msgs_generate_messages_lisp
[  0%] Built target dynamic_reconfigure_generate_messages_py
[  0%] Built target tf2_msgs_generate_messages_lisp
[  0%] Built target dynamic_reconfigure_gencfg
[  0%] Built target visualization_msgs_generate_messages_eus
[35m[1mScanning dependencies of target pose_goal_node[0m
[ 50%] [32mBuilding CXX object CMakeFiles/pose_goal_node.dir/src/pose_goal_node.cpp.o[0m
[01m[K/home/tapati/my_ws/src/pose_goal_pkg/src/pose_goal_node.cpp:[m[K In function ‘[01m[Kint main(int, char**)[m[K’:
[01m[K/home/tapati/my_ws/src/pose_goal_pkg/src/pose_goal_node.cpp:159:75:[m[K [01;31m[Kerror: [m[Kno matching function for call to ‘[01m[KconstructGoalConstraints(const string&)[m[K’
   pose_goal = kinematic_constraints::constructGoalConstraints(END_EFFECTOR[01;31m[K)[m[K,pose_stamped);
                                                                           [01;31m[K^[m[K
In file included from [01m[K/home/tapati/my_ws/src/pose_goal_pkg/src/pose_goal_node.cpp:8:0[m[K:
[01m[K/home/tapati/ws_moveit/src/moveit/moveit_core/kinematic_constraints/include/moveit/kinematic_constraints/utils.h:86:26:[m[K [01;36m[Knote: [m[Kcandidate: moveit_msgs::Constraints kinematic_constraints::constructGoalConstraints(const moveit::core::RobotState&, const moveit::core::JointModelGroup*, double, double)
 moveit_msgs::Constraints [01;36m[KconstructGoalConstraints[m[K(const moveit::core::RobotState& state,
                          [01;36m[K^~~~~~~~~~~~~~~~~~~~~~~~[m[K
[01m[K/home/tapati/ws_moveit/src/moveit/moveit_core/kinematic_constraints/include/moveit/kinematic_constraints/utils.h:86:26:[m[K [01;36m[Knote: [m[K  candidate expects 4 arguments, 1 provided
[01m[K/home/tapati/ws_moveit/src/moveit/moveit_core/kinematic_constraints/include/moveit/kinematic_constraints/utils.h:101:26:[m[K [01;36m[Knote: [m[Kcandidate: moveit_msgs::Constraints kinematic_constraints::constructGoalConstraints(const moveit::core::RobotState&, const moveit::core::JointModelGroup*, double)
 moveit_msgs::Constraints [01;36m[KconstructGoalConstraints[m[K(const moveit::core::RobotState& state,
                          [01;36m[K^~~~~~~~~~~~~~~~~~~~~~~~[m[K
[01m[K/home/tapati/ws_moveit/src/moveit/moveit_core/kinematic_constraints/include/moveit/kinematic_constraints/utils.h:101:26:[m[K [01;36m[Knote: [m[K  candidate expects 3 arguments, 1 provided
[01m[K/home/tapati/ws_moveit/src/moveit/moveit_core/kinematic_constraints/include/moveit/kinematic_constraints/utils.h:120:26:[m[K [01;36m[Knote: [m[Kcandidate: moveit_msgs::Constraints kinematic_constraints::constructGoalConstraints(const string&, const PoseStamped&, double, double)
 moveit_msgs::Constraints [01;36m[KconstructGoalConstraints[m[K(const std::string& link_name, const geometry_msgs::PoseStamped& pose,
                          [01;36m[K^~~~~~~~~~~~~~~~~~~~~~~~[m[K
[01m[K/home/tapati/ws_moveit/src/moveit/moveit_core/kinematic_constraints/include/moveit/kinematic_constraints/utils.h:120:26:[m[K [01;36m[Knote: [m[K  candidate expects 4 arguments, 1 provided
[01m[K/home/tapati/ws_moveit/src/moveit/moveit_core/kinematic_constraints/include/moveit/kinematic_constraints/utils.h:138:26:[m[K [01;36m[Knote: [m[Kcandidate: moveit_msgs::Constraints kinematic_constraints::constructGoalConstraints(const string&, const PoseStamped&, const std::vector<double>&, const std::vector<double>&)
 moveit_msgs::Constraints [01;36m[KconstructGoalConstraints[m[K(const std::string& link_name, const geometry_msgs::PoseStamped& pose,
                          [01;36m[K^~~~~~~~~~~~~~~~~~~~~~~~[m[K
[01m[K/home/tapati/ws_moveit/src/moveit/moveit_core/kinematic_constraints/include/moveit/kinematic_constraints/utils.h:138:26:[m[K [01;36m[Knote: [m[K  candidate expects 4 arguments, 1 provided
[01m[K/home/tapati/ws_moveit/src/moveit/moveit_core/kinematic_constraints/include/moveit/kinematic_constraints/utils.h:153:26:[m[K [01;36m[Knote: [m[Kcandidate: moveit_msgs::Constraints kinematic_constraints::constructGoalConstraints(const string&, const QuaternionStamped&, double)
 moveit_msgs::Constraints [01;36m[KconstructGoalConstraints[m[K(const std::string& link_name,
                          [01;36m[K^~~~~~~~~~~~~~~~~~~~~~~~[m[K
[01m[K/home/tapati/ws_moveit/src/moveit/moveit_core/kinematic_constraints/include/moveit/kinematic_constraints/utils.h:153:26:[m[K [01;36m[Knote: [m[K  candidate expects 3 arguments, 1 provided
[01m[K/home/tapati/ws_moveit/src/moveit/moveit_core/kinematic_constraints/include/moveit/kinematic_constraints/utils.h:170:26:[m[K [01;36m[Knote: [m[Kcandidate: moveit_msgs::Constraints kinematic_constraints::constructGoalConstraints(const string&, const Point&, const PointStamped&, double)
 moveit_msgs::Constraints [01;36m[KconstructGoalConstraints[m[K(const std::string& link_name,
                          [01;36m[K^~~~~~~~~~~~~~~~~~~~~~~~[m[K
[01m[K/home/tapati/ws_moveit/src/moveit/moveit_core/kinematic_constraints/include/moveit/kinematic_constraints/utils.h:170:26:[m[K [01;36m[Knote: [m[K  candidate expects 4 arguments, 1 provided
[01m[K/home/tapati/ws_moveit/src/moveit/moveit_core/kinematic_constraints/include/moveit/kinematic_constraints/utils.h:187:26:[m[K [01;36m[Knote: [m[Kcandidate: moveit_msgs::Constraints kinematic_constraints::constructGoalConstraints(const string&, const PointStamped&, double)
 moveit_msgs::Constraints [01;36m[KconstructGoalConstraints[m[K(const std::string& link_name,
                          [01;36m[K^~~~~~~~~~~~~~~~~~~~~~~~[m[K
[01m[K/home/tapati/ws_moveit/src/moveit/moveit_core/kinematic_constraints/include/moveit/kinematic_constraints/utils.h:187:26:[m[K [01;36m[Knote: [m[K  candidate expects 3 arguments, 1 provided
CMakeFiles/pose_goal_node.dir/build.make:62: recipe for target 'CMakeFiles/pose_goal_node.dir/src/pose_goal_node.cpp.o' failed
make[2]: *** [CMakeFiles/pose_goal_node.dir/src/pose_goal_node.cpp.o] Error 1
CMakeFiles/Makefile2:3167: recipe for target 'CMakeFiles/pose_goal_node.dir/all' failed
make[1]: *** [CMakeFiles/pose_goal_node.dir/all] Error 2
Makefile:140: recipe for target 'all' failed
make: *** [all] Error 2
